<?xml version="1.0" encoding="UTF-8"?>
<!-- Generated by org.testng.reporters.JUnitXMLReporter -->
<testsuite hostname="0429535-9RNLK72" ignored="0" name="Testing Edureka Portal" tests="2" failures="0" timestamp="2019-10-01T08:48:12 CAT" time="82.766" errors="0">
  <testcase name="@BeforeClass setupBrowser" time="0.102" classname="com.finalproject.BaseClass.BaseClass">
    <failure type="org.openqa.selenium.NoSuchSessionException" message="Session ID is null. Using WebDriver after calling quit()?
Build info: version: &amp;apos;3.141.59&amp;apos;, revision: &amp;apos;e82be7d358&amp;apos;, time: &amp;apos;2018-11-14T08:17:03&amp;apos;
System info: host: &amp;apos;0429535-9RNLK72&amp;apos;, ip: &amp;apos;146.230.240.170&amp;apos;, os.name: &amp;apos;Windows 10&amp;apos;, os.arch: &amp;apos;amd64&amp;apos;, os.version: &amp;apos;10.0&amp;apos;, java.version: &amp;apos;1.8.0_221&amp;apos;
Driver info: driver.version: RemoteWebDriver">
      <![CDATA[org.openqa.selenium.NoSuchSessionException: Session ID is null. Using WebDriver after calling quit()?
Build info: version: '3.141.59', revision: 'e82be7d358', time: '2018-11-14T08:17:03'
System info: host: '0429535-9RNLK72', ip: '146.230.240.170', os.name: 'Windows 10', os.arch: 'amd64', os.version: '10.0', java.version: '1.8.0_221'
Driver info: driver.version: RemoteWebDriver
at org.openqa.selenium.remote.HttpCommandExecutor.execute(HttpCommandExecutor.java:125)
at org.openqa.selenium.remote.service.DriverCommandExecutor.execute(DriverCommandExecutor.java:83)
at org.openqa.selenium.remote.RemoteWebDriver.execute(RemoteWebDriver.java:552)
at org.openqa.selenium.remote.RemoteWebDriver.execute(RemoteWebDriver.java:609)
at org.openqa.selenium.remote.RemoteWebDriver$RemoteWebDriverOptions$RemoteWindow.maximize(RemoteWebDriver.java:837)
at com.finalproject.BaseClass.BaseClass.setupBrowser(BaseClass.java:29)
at java.util.ArrayList.forEach(Unknown Source)
... Removed 25 stack frames]]>
    </failure>
  </testcase> <!-- @BeforeClass setupBrowser -->
  <testcase name="@AfterClass closeBrowser" time="-1.569912492233E9" classname="com.finalproject.BaseClass.BaseClass">
    <skipped/>
  </testcase> <!-- @AfterClass closeBrowser -->
  <testcase name="ListSeleniumBlogs" time="57.862" classname="com.finalproject.testcases.ListOfSeleniumBlogsTest"/>
  <testcase name="validateUserEnrollment" time="0.0" classname="com.finalproject.testcases.ValidaterUserEnrollementTest">
    <skipped/>
  </testcase> <!-- validateUserEnrollment -->
</testsuite> <!-- Testing Edureka Portal -->
